Script started at Wed Mar 18 21:09:44 UTC 2026
Active SSH sessions: 1
Still active users
Script started at Thu Mar 19 02:20:48 UTC 2026
Active SSH sessions: 1
Potential logout detected. Waiting...
Stopping instance...
{
    "StoppingInstances": [
        {
            "InstanceId": "i-06c010a7b904b4847",
            "CurrentState": {
                "Code": 64,
                "Name": "stopping"
            },
            "PreviousState": {
                "Code": 16,
                "Name": "running"
            }
        }
    ]
}
Shutdown command executed.
Script started at Thu Mar 19 03:08:41 UTC 2026
Active SSH sessions: 1
Potential logout detected. Waiting...
Stopping instance...
{
    "StoppingInstances": [
        {
            "InstanceId": "i-06c010a7b904b4847",
            "CurrentState": {
                "Code": 64,
                "Name": "stopping"
            },
            "PreviousState": {
                "Code": 16,
                "Name": "running"
            }
        }
    ]
}
Shutdown command executed.
Script started at Fri Mar 20 14:36:13 UTC 2026
Active SSH sessions: 1
Potential logout detected. Waiting...
Stopping instance...
{
    "StoppingInstances": [
        {
            "InstanceId": "i-06c010a7b904b4847",
            "CurrentState": {
                "Code": 64,
                "Name": "stopping"
            },
            "PreviousState": {
                "Code": 16,
                "Name": "running"
            }
        }
    ]
}
Shutdown command executed.
Script started at Fri Mar 20 14:40:34 UTC 2026
Active SSH sessions: 1
Potential logout detected. Waiting...
Stopping instance...
{
    "StoppingInstances": [
        {
            "InstanceId": "i-06c010a7b904b4847",
            "CurrentState": {
                "Code": 64,
                "Name": "stopping"
            },
            "PreviousState": {
                "Code": 16,
                "Name": "running"
            }
        }
    ]
}
Shutdown command executed.
Script started at Fri Mar 20 15:12:35 UTC 2026
Active SSH sessions: 1
Potential logout detected. Waiting...
Stopping instance...
{
    "StoppingInstances": [
        {
            "InstanceId": "i-06c010a7b904b4847",
            "CurrentState": {
                "Code": 64,
                "Name": "stopping"
            },
            "PreviousState": {
                "Code": 16,
                "Name": "running"
            }
        }
    ]
}
Shutdown command executed.
Script started at Fri Mar 20 17:00:18 UTC 2026
Active SSH sessions: 1
Potential logout detected. Waiting...
Stopping instance...
{
    "StoppingInstances": [
        {
            "InstanceId": "i-06c010a7b904b4847",
            "CurrentState": {
                "Code": 64,
                "Name": "stopping"
            },
            "PreviousState": {
                "Code": 16,
                "Name": "running"
            }
        }
    ]
}
Shutdown command executed.
Script started at Sat Mar 21 20:07:48 UTC 2026
Active SSH sessions: 3
Still active users
Script started at Sat Mar 21 21:04:26 UTC 2026
Active SSH sessions: 3
Still active users
Script started at Sat Mar 21 21:08:38 UTC 2026
Active SSH sessions: 3
Still active users
Script started at Sat Mar 21 21:17:00 UTC 2026
Active SSH sessions: 3
Still active users
Script started at Sat Mar 21 21:19:20 UTC 2026
Active SSH sessions: 3
Still active users
Script started at Sat Mar 21 21:44:14 UTC 2026
Active SSH sessions: 1
Potential logout detected. Waiting...
Stopping instance...
{
    "StoppingInstances": [
        {
            "InstanceId": "i-06c010a7b904b4847",
            "CurrentState": {
                "Code": 64,
                "Name": "stopping"
            },
            "PreviousState": {
                "Code": 16,
                "Name": "running"
            }
        }
    ]
}
Shutdown command executed.
Script started at Sun Mar 22 04:35:24 UTC 2026
Active SSH sessions: 1
Potential logout detected. Waiting...
Stopping instance...
{
    "StoppingInstances": [
        {
            "InstanceId": "i-06c010a7b904b4847",
            "CurrentState": {
                "Code": 64,
                "Name": "stopping"
            },
            "PreviousState": {
                "Code": 16,
                "Name": "running"
            }
        }
    ]
}
Shutdown command executed.
Script started at Mon Mar 23 04:49:00 UTC 2026
Active SSH sessions: 1
Potential logout detected. Waiting...
Stopping instance...
{
    "StoppingInstances": [
        {
            "InstanceId": "i-06c010a7b904b4847",
            "CurrentState": {
                "Code": 64,
                "Name": "stopping"
            },
            "PreviousState": {
                "Code": 16,
                "Name": "running"
            }
        }
    ]
}
Shutdown command executed.
Script started at Mon Mar 23 17:03:36 UTC 2026
Active SSH sessions: 1
Potential logout detected. Waiting...
Stopping instance...
{
    "StoppingInstances": [
        {
            "InstanceId": "i-06c010a7b904b4847",
            "CurrentState": {
                "Code": 64,
                "Name": "stopping"
            },
            "PreviousState": {
                "Code": 16,
                "Name": "running"
            }
        }
    ]
}
Shutdown command executed.
Script started at Tue Mar 24 03:07:44 UTC 2026
Active SSH sessions: 1
Potential logout detected. Waiting...
Stopping instance...
{
    "StoppingInstances": [
        {
            "InstanceId": "i-06c010a7b904b4847",
            "CurrentState": {
                "Code": 64,
                "Name": "stopping"
            },
            "PreviousState": {
                "Code": 16,
                "Name": "running"
            }
        }
    ]
}
Shutdown command executed.
Script started at Wed Mar 25 03:44:33 UTC 2026
Active SSH sessions: 1
Potential logout detected. Waiting...
Stopping instance...
{
    "StoppingInstances": [
        {
            "InstanceId": "i-06c010a7b904b4847",
            "CurrentState": {
                "Code": 64,
                "Name": "stopping"
            },
            "PreviousState": {
                "Code": 16,
                "Name": "running"
            }
        }
    ]
}
Shutdown command executed.
Script started at Wed Mar 25 03:52:09 UTC 2026
Active SSH sessions: 1
Potential logout detected. Waiting...
Stopping instance...
{
    "StoppingInstances": [
        {
            "InstanceId": "i-06c010a7b904b4847",
            "CurrentState": {
                "Code": 64,
                "Name": "stopping"
            },
            "PreviousState": {
                "Code": 16,
                "Name": "running"
            }
        }
    ]
}
Shutdown command executed.
